{"level":"info","time":1748334529,"message":"Конфигурация успешно загружена"}
{"level":"info","time":1748334529,"message":"База данных успешно инициализирована"}
{"level":"info","port":":8080","time":1748334529,"message":"Сервер запущен"}
{"level":"info","body":"{\"username\":\"testuser3\",\"password\":\"testpass\",\"email\":\"test3@example.com\"}","time":1748334554,"message":"Получен запрос"}
{"level":"warn","error":"EOF","request_body":{"username":"","password":"","email":""},"time":1748334554,"message":"Ошибка валидации запроса на регистрацию"}
{"level":"info","method":"POST","path":"/register","status":400,"duration":2.66225,"time":1748334554,"message":"Обработан HTTP запрос"}
{"level":"info","body":"{\"username\":\"testuser3\",\"password\":\"testpass\",\"email\":\"test3@example.com\"}","time":1748334576,"message":"Получен запрос"}
{"level":"warn","error":"EOF","request_body":{"username":"","password":"","email":""},"time":1748334576,"message":"Ошибка валидации запроса на регистрацию"}
{"level":"info","method":"POST","path":"/register","status":400,"duration":4.315209,"time":1748334576,"message":"Обработан HTTP запрос"}
{"level":"info","body":"{\n    \"username\": \"dimaje\",\n    \"password\": \"rostok2004\",\n    \"email\": \"test@example.com\"\n}","time":1748334633,"message":"Получен запрос"}
{"level":"warn","error":"EOF","request_body":{"username":"","password":"","email":""},"time":1748334633,"message":"Ошибка валидации запроса на регистрацию"}
{"level":"info","method":"POST","path":"/register","status":400,"duration":1.080667,"time":1748334633,"message":"Обработан HTTP запрос"}
{"level":"info","body":"{\n    \"username\": \"dimaje\",\n    \"password\": \"rostok2004\"\n}","time":1748334686,"message":"Получен запрос"}
{"level":"warn","error":"EOF","time":1748334686,"message":"Ошибка валидации запроса на вход"}
{"level":"info","method":"POST","path":"/login","status":400,"duration":10.268958,"time":1748334686,"message":"Обработан HTTP запрос"}
{"level":"info","time":1748334957,"message":"Конфигурация успешно загружена"}
{"level":"fatal","error":"ошибка проверки подключения к БД: dial tcp: lookup postgres on 127.0.0.11:53: no such host","time":1748334957,"message":"Ошибка запуска сервера"}
{"level":"info","time":1748334972,"message":"Конфигурация успешно загружена"}
{"level":"info","time":1748334972,"message":"База данных успешно инициализирована"}
{"level":"info","port":":8080","time":1748334972,"message":"Сервер запущен"}
{"level":"info","time":1748335196,"message":"Конфигурация успешно загружена"}
{"level":"info","time":1748335196,"message":"База данных успешно инициализирована"}
{"level":"info","port":":8080","time":1748335196,"message":"Сервер запущен"}
{"level":"info","body":"{\n    \"username\": \"dimaje\",\n    \"password\": \"rostok2004\",\n    \"email\": \"test@mail.ru\"\n}","time":1748335290,"message":"Получен запрос"}
{"level":"warn","error":"EOF","request_body":{"username":"","password":"","email":""},"time":1748335290,"message":"Ошибка валидации запроса на регистрацию"}
{"level":"info","method":"POST","path":"/register","status":400,"duration":5.682042,"time":1748335290,"message":"Обработан HTTP запрос"}
{"level":"info","time":1748335817,"message":"Конфигурация успешно загружена"}
{"level":"info","time":1748335817,"message":"База данных успешно инициализирована"}
{"level":"info","port":":8080","time":1748335817,"message":"Сервер запущен"}
{"level":"info","time":1748335958,"message":"Конфигурация успешно загружена"}
{"level":"info","time":1748335958,"message":"База данных успешно инициализирована"}
{"level":"info","port":":8080","time":1748335958,"message":"Сервер запущен"}
{"level":"info","body":"{\n    \"username\": \"dimaje\",\n    \"password\": \"rostok2004\",\n    \"email\": \"test@mail.ru\"\n}","time":1748336024,"message":"Получен запрос"}
{"level":"warn","error":"EOF","request_body":{"username":"","password":"","email":""},"time":1748336024,"message":"Ошибка валидации запроса на регистрацию"}
{"level":"info","method":"POST","path":"/register","status":400,"duration":12.842041,"time":1748336024,"message":"Обработан HTTP запрос"}
{"level":"info","body":"{\n    \"username\": \"dimaj\",\n    \"password\": \"rostok2004\",\n    \"email\": \"test1@mail.ru\"\n}","time":1748336170,"message":"Получен запрос"}
{"level":"warn","error":"EOF","request_body":{"username":"","password":"","email":""},"time":1748336170,"message":"Ошибка валидации запроса на регистрацию"}
{"level":"info","method":"POST","path":"/register","status":400,"duration":4.78525,"time":1748336170,"message":"Обработан HTTP запрос"}
{"level":"info","time":1748336436,"message":"Конфигурация успешно загружена"}
{"level":"info","time":1748336436,"message":"База данных успешно инициализирована"}
{"level":"info","port":":8080","time":1748336436,"message":"Сервер запущен"}
{"level":"info","body":"{\n    \"username\": \"dimaj\",\n    \"password\": \"rostok2004\",\n    \"email\": \"test1@mail.ru\"\n}","time":1748336462,"message":"Получен запрос"}
{"level":"info","username":"dimaj","email":"test1@mail.ru","time":1748336462,"message":"Пользователь успешно зарегистрирован"}
{"level":"info","method":"POST","path":"/register","status":200,"duration":114.238542,"time":1748336462,"message":"Обработан HTTP запрос"}
{"level":"info","body":"{\n    \"username\": \"dimaj\",\n    \"password\": \"rostok2004\"\n}","time":1748336477,"message":"Получен запрос"}
{"level":"info","username":"dimaj","time":1748336477,"message":"Успешный вход"}
{"level":"info","method":"POST","path":"/login","status":200,"duration":97.45225,"time":1748336477,"message":"Обработан HTTP запрос"}
{"level":"info","body":"{\"date\":\"2025-05-27\",\"name\":\"Coffee\",\"category\":\"Food\",\"amount\":5.50}","time":1748336836,"message":"Получен запрос"}
{"level":"warn","error":"Key: 'TransactionRequest.Category' Error:Field validation for 'Category' failed on the 'oneof' tag","time":1748336836,"message":"Ошибка валидации запроса на добавление транзакции"}
{"level":"info","method":"POST","path":"/api/transactions","status":400,"duration":6.215209,"time":1748336836,"message":"Обработан HTTP запрос"}
{"level":"info","body":"{\n    \"date\":\"2025-05-27\",\n    \"name\":\"Coffee\",\n    \"category\":\"Food\",\n    \"amount\":5.50\n}","time":1748336932,"message":"Получен запрос"}
{"level":"warn","error":"Key: 'TransactionRequest.Category' Error:Field validation for 'Category' failed on the 'oneof' tag","time":1748336932,"message":"Ошибка валидации запроса на добавление транзакции"}
{"level":"info","method":"POST","path":"/api/transactions","status":400,"duration":2.751708,"time":1748336932,"message":"Обработан HTTP запрос"}
{"level":"info","body":"{\"date\":\"2025-05-27\",\"name\":\"Coffee\",\"category\":\"income\",\"amount\":5.50}","time":1748337044,"message":"Получен запрос"}
{"level":"info","user_id":1,"category":"income","amount":5.5,"time":1748337044,"message":"Транзакция добавлена"}
{"level":"info","method":"POST","path":"/api/transactions","status":200,"duration":19.205916,"time":1748337044,"message":"Обработан HTTP запрос"}
{"level":"info","body":"{\n    \"date\":\"2025-05-27\",\n    \"name\":\"Coffee\",\n    \"category\":\"income\",\n    \"amount\":5.50\n}","time":1748337128,"message":"Получен запрос"}
{"level":"info","user_id":1,"category":"income","amount":5.5,"time":1748337128,"message":"Транзакция добавлена"}
{"level":"info","method":"POST","path":"/api/transactions","status":200,"duration":6.097167,"time":1748337128,"message":"Обработан HTTP запрос"}
{"level":"info","body":"{\n    \"username\": \"dimaj\",\n    \"password\": \"rostok2004\"\n}","time":1748337163,"message":"Получен запрос"}
{"level":"info","username":"dimaj","time":1748337163,"message":"Успешный вход"}
{"level":"info","method":"POST","path":"/login","status":200,"duration":94.739333,"time":1748337163,"message":"Обработан HTTP запрос"}
{"level":"info","body":"","time":1748337240,"message":"Получен запрос"}
{"level":"info","user_id":1,"date":"2025-05-27","count":2,"time":1748337240,"message":"Получены транзакции за день"}
{"level":"info","method":"GET","path":"/api/transactions/day/2025-05-27","status":200,"duration":9.713542,"time":1748337240,"message":"Обработан HTTP запрос"}
{"level":"info","body":"{\n    \"username\": \"dimaj\",\n    \"password\": \"rostok2004\"\n}","time":1748337303,"message":"Получен запрос"}
{"level":"info","username":"dimaj","time":1748337303,"message":"Успешный вход"}
{"level":"info","method":"POST","path":"/login","status":200,"duration":92.109,"time":1748337303,"message":"Обработан HTTP запрос"}
{"level":"info","body":"{\n    \"date\":\"2025-05-27\",\n    \"name\":\"Coffee\",\n    \"category\":\"income\",\n    \"amount\":5.50\n}","time":1748337356,"message":"Получен запрос"}
{"level":"info","user_id":1,"category":"income","amount":5.5,"time":1748337356,"message":"Транзакция добавлена"}
{"level":"info","method":"POST","path":"/api/transactions","status":200,"duration":9.288167,"time":1748337356,"message":"Обработан HTTP запрос"}
{"level":"info","body":"{\n    \"date\":\"2025-05-26\",\n    \"name\":\"Coffee latte\",\n    \"category\":\"income\",\n    \"amount\":5.50\n}","time":1748337383,"message":"Получен запрос"}
{"level":"info","user_id":1,"category":"income","amount":5.5,"time":1748337383,"message":"Транзакция добавлена"}
{"level":"info","method":"POST","path":"/api/transactions","status":200,"duration":13.728375,"time":1748337383,"message":"Обработан HTTP запрос"}
{"level":"info","body":"{\n    \"date\":\"2025-05-25\",\n    \"name\":\"Coffee cappucino\",\n    \"category\":\"income\",\n    \"amount\":5.50\n}","time":1748337402,"message":"Получен запрос"}
{"level":"info","user_id":1,"category":"income","amount":5.5,"time":1748337402,"message":"Транзакция добавлена"}
{"level":"info","method":"POST","path":"/api/transactions","status":200,"duration":14.519584,"time":1748337402,"message":"Обработан HTTP запрос"}
{"level":"info","body":"","time":1748337407,"message":"Получен запрос"}
{"level":"info","user_id":1,"date":"2025-05-27","count":3,"time":1748337407,"message":"Получены транзакции за день"}
{"level":"info","method":"GET","path":"/api/transactions/day/2025-05-27","status":200,"duration":3.965917,"time":1748337407,"message":"Обработан HTTP запрос"}
{"level":"info","body":"","time":1748337525,"message":"Получен запрос"}
{"level":"info","method":"GET","path":"/api/transactions/period?start_date=2025-05-01&end_date=2025-05-31","status":404,"duration":4.780542,"time":1748337525,"message":"Обработан HTTP запрос"}
